s:\apps\dual_test\vmd\x64\release\vc120.pdb
s:\apps\dual_test\vmd\x64\release\phonetracker.obj
s:\apps\dual_test\vmd\x64\release\phonebuttons.obj
s:\apps\dual_test\vmd\x64\release\periodictable.obj
s:\apps\dual_test\vmd\x64\release\pcre.obj
s:\apps\dual_test\vmd\x64\release\parsetree.obj
s:\apps\dual_test\vmd\x64\release\orbitaljit.obj
s:\apps\dual_test\vmd\x64\release\orbital.obj
s:\apps\dual_test\vmd\x64\release\openglshader.obj
s:\apps\dual_test\vmd\x64\release\openglrenderer.obj
s:\apps\dual_test\vmd\x64\release\openglextensions.obj
s:\apps\dual_test\vmd\x64\release\openglcache.obj
s:\apps\dual_test\vmd\x64\release\openclvolcpotential.obj
s:\apps\dual_test\vmd\x64\release\openclutils.obj
s:\apps\dual_test\vmd\x64\release\openclorbital.obj
s:\apps\dual_test\vmd\x64\release\msmsinterface.obj
s:\apps\dual_test\vmd\x64\release\msmpot_setup.obj
s:\apps\dual_test\vmd\x64\release\msmpot_cubic.obj
s:\apps\dual_test\vmd\x64\release\msmpot_compute.obj
s:\apps\dual_test\vmd\x64\release\msmpot.obj
s:\apps\dual_test\vmd\x64\release\mouse.obj
s:\apps\dual_test\vmd\x64\release\py_display.obj
s:\apps\dual_test\vmd\x64\release\py_commands.obj
s:\apps\dual_test\vmd\x64\release\py_color.obj
s:\apps\dual_test\vmd\x64\release\py_axes.obj
s:\apps\dual_test\vmd\x64\release\py_atomselection.obj
s:\apps\dual_test\vmd\x64\release\py_atomsel.obj
s:\apps\dual_test\vmd\x64\release\py_animate.obj
s:\apps\dual_test\vmd\x64\release\pythontextinterp.obj
s:\apps\dual_test\vmd\x64\release\psdisplaydevice.obj
s:\apps\dual_test\vmd\x64\release\pov3displaydevice.obj
s:\apps\dual_test\vmd\x64\release\pluginmgr.obj
s:\apps\dual_test\vmd\x64\release\plaintextinterp.obj
s:\apps\dual_test\vmd\x64\release\pickmodeuser.obj
s:\apps\dual_test\vmd\x64\release\pickmodemove.obj
s:\apps\dual_test\vmd\x64\release\pickmodemollabel.obj
s:\apps\dual_test\vmd\x64\release\pickmodelist.obj
s:\apps\dual_test\vmd\x64\release\pickmodeforce.obj
s:\apps\dual_test\vmd\x64\release\pickmodecenter.obj
s:\apps\dual_test\vmd\x64\release\pickmodeaddbond.obj
s:\apps\dual_test\vmd\x64\release\picklist.obj
s:\apps\dual_test\vmd\x64\release\p_pinchtool.obj
s:\apps\dual_test\vmd\x64\release\p_joysticktool.obj
s:\apps\dual_test\vmd\x64\release\p_joystickbuttons.obj
s:\apps\dual_test\vmd\x64\release\p_grabtool.obj
s:\apps\dual_test\vmd\x64\release\p_cmdtool.obj
s:\apps\dual_test\vmd\x64\release\p_buttons.obj
s:\apps\dual_test\vmd\x64\release\py_vmd.obj
s:\apps\dual_test\vmd\x64\release\py_trans.obj
s:\apps\dual_test\vmd\x64\release\py_topo.obj
s:\apps\dual_test\vmd\x64\release\py_render.obj
s:\apps\dual_test\vmd\x64\release\py_numeric.obj
s:\apps\dual_test\vmd\x64\release\py_mouse.obj
s:\apps\dual_test\vmd\x64\release\py_molrep.obj
s:\apps\dual_test\vmd\x64\release\py_molecule.obj
s:\apps\dual_test\vmd\x64\release\py_menu.obj
s:\apps\dual_test\vmd\x64\release\py_measure.obj
s:\apps\dual_test\vmd\x64\release\py_material.obj
s:\apps\dual_test\vmd\x64\release\py_label.obj
s:\apps\dual_test\vmd\x64\release\py_imd.obj
s:\apps\dual_test\vmd\x64\release\py_graphics.obj
s:\apps\dual_test\vmd\x64\release\scene.obj
s:\apps\dual_test\vmd\x64\release\savetrajectoryfltkmenu.obj
s:\apps\dual_test\vmd\x64\release\rendermandisplaydevice.obj
s:\apps\dual_test\vmd\x64\release\renderfltkmenu.obj
s:\apps\dual_test\vmd\x64\release\rayshadedisplaydevice.obj
s:\apps\dual_test\vmd\x64\release\radiancedisplaydevice.obj
s:\apps\dual_test\vmd\x64\release\r3ddisplaydevice.obj
s:\apps\dual_test\vmd\x64\release\quicksurf.obj
s:\apps\dual_test\vmd\x64\release\qmtimestep.obj
s:\apps\dual_test\vmd\x64\release\qmdata.obj
s:\apps\dual_test\vmd\x64\release\p_vrpntracker.obj
s:\apps\dual_test\vmd\x64\release\p_vrpnfeedback.obj
s:\apps\dual_test\vmd\x64\release\p_vrpnbuttons.obj
s:\apps\dual_test\vmd\x64\release\p_uivr.obj
s:\apps\dual_test\vmd\x64\release\p_tugtool.obj
s:\apps\dual_test\vmd\x64\release\p_tracker.obj
s:\apps\dual_test\vmd\x64\release\p_tool.obj
s:\apps\dual_test\vmd\x64\release\p_sensorconfig.obj
s:\apps\dual_test\vmd\x64\release\p_rotatetool.obj
s:\apps\dual_test\vmd\x64\release\p_printtool.obj
s:\apps\dual_test\vmd\x64\release\tclvec.obj
s:\apps\dual_test\vmd\x64\release\tcltextinterp.obj
s:\apps\dual_test\vmd\x64\release\tclmolinfo.obj
s:\apps\dual_test\vmd\x64\release\tclmeasure.obj
s:\apps\dual_test\vmd\x64\release\tclmdff.obj
s:\apps\dual_test\vmd\x64\release\tclgraphics.obj
s:\apps\dual_test\vmd\x64\release\tclcommands.obj
s:\apps\dual_test\vmd\x64\release\tachyondisplaydevice.obj
s:\apps\dual_test\vmd\x64\release\symboltable.obj
s:\apps\dual_test\vmd\x64\release\surf.obj
s:\apps\dual_test\vmd\x64\release\stride.obj
s:\apps\dual_test\vmd\x64\release\stldisplaydevice.obj
s:\apps\dual_test\vmd\x64\release\stage.obj
s:\apps\dual_test\vmd\x64\release\springtool.obj
s:\apps\dual_test\vmd\x64\release\spatialsearch.obj
s:\apps\dual_test\vmd\x64\release\spaceballtracker.obj
s:\apps\dual_test\vmd\x64\release\spaceballbuttons.obj
s:\apps\dual_test\vmd\x64\release\spaceball.obj
s:\apps\dual_test\vmd\x64\release\snapshotdisplaydevice.obj
s:\apps\dual_test\vmd\x64\release\selectionbuilder.obj
s:\apps\dual_test\vmd\x64\release\vmdsock.obj
s:\apps\dual_test\vmd\x64\release\vmdquat.obj
s:\apps\dual_test\vmd\x64\release\vmdmpi.obj
s:\apps\dual_test\vmd\x64\release\vmdmenu.obj
s:\apps\dual_test\vmd\x64\release\vmdfltkmenu.obj
s:\apps\dual_test\vmd\x64\release\vmddlopen.obj
s:\apps\dual_test\vmd\x64\release\vmddisplaylist.obj
s:\apps\dual_test\vmd\x64\release\vmddir.obj
s:\apps\dual_test\vmd\x64\release\vmdconsole.obj
s:\apps\dual_test\vmd\x64\release\vmdcollab.obj
s:\apps\dual_test\vmd\x64\release\vmdapp.obj
s:\apps\dual_test\vmd\x64\release\vmd.obj
s:\apps\dual_test\vmd\x64\release\utilities.obj
s:\apps\dual_test\vmd\x64\release\uitext.obj
s:\apps\dual_test\vmd\x64\release\uiobject.obj
s:\apps\dual_test\vmd\x64\release\toolfltkmenu.obj
s:\apps\dual_test\vmd\x64\release\timestep.obj
s:\apps\dual_test\vmd\x64\release\tcl_commands.obj
s:\apps\dual_test\vmd\x64\release\tclvolmap.obj
s:\apps\dual_test\vmd\x64\release\x3ddisplaydevice.obj
s:\apps\dual_test\vmd\x64\release\wkfutils.obj
s:\apps\dual_test\vmd\x64\release\wkfthreads.obj
s:\apps\dual_test\vmd\x64\release\win32vmdstart.obj
s:\apps\dual_test\vmd\x64\release\win32joystick.obj
s:\apps\dual_test\vmd\x64\release\wavefrontdisplaydevice.obj
s:\apps\dual_test\vmd\x64\release\vrmldisplaydevice.obj
s:\apps\dual_test\vmd\x64\release\vrml2displaydevice.obj
s:\apps\dual_test\vmd\x64\release\volumetricdata.obj
s:\apps\dual_test\vmd\x64\release\volumetexture.obj
s:\apps\dual_test\vmd\x64\release\volmapcreateils.obj
s:\apps\dual_test\vmd\x64\release\volmapcreate.obj
s:\apps\dual_test\vmd\x64\release\volcpotential.obj
s:\apps\dual_test\vmd\x64\release\vmdtkmenu.obj
s:\apps\dual_test\vmd\x64\release\vmdtkintermenu.obj
s:\apps\dual_test\vmd\x64\release\vmdtitle.obj
s:\apps\dual_test\vmd\x64\release\vmdthreads.obj
s:\apps\dual_test\vmd\x64\release\fionavmddisplaydevice.obj
s:\apps\dual_test\vmd\x64\release\main.obj
s:\apps\dual_test\vmd\x64\release\animation.obj
s:\apps\dual_test\vmd\x64\release\artdisplaydevice.obj
s:\apps\dual_test\vmd\x64\release\atomcolor.obj
s:\apps\dual_test\vmd\x64\release\atomlexer.obj
s:\apps\dual_test\vmd\x64\release\atomparser.obj
s:\apps\dual_test\vmd\x64\release\atomrep.obj
s:\apps\dual_test\vmd\x64\release\atomsel.obj
s:\apps\dual_test\vmd\x64\release\axes.obj
s:\apps\dual_test\vmd\x64\release\basemolecule.obj
s:\apps\dual_test\vmd\x64\release\benchmark.obj
s:\apps\dual_test\vmd\x64\release\bondsearch.obj
s:\apps\dual_test\vmd\x64\release\cmdanimate.obj
s:\apps\dual_test\vmd\x64\release\cmdcolor.obj
s:\apps\dual_test\vmd\x64\release\cmddisplay.obj
s:\apps\dual_test\vmd\x64\release\cmdimd.obj
s:\apps\dual_test\vmd\x64\release\cmdlabel.obj
s:\apps\dual_test\vmd\x64\release\cmdmenu.obj
s:\apps\dual_test\vmd\x64\release\cmdmol.obj
s:\apps\dual_test\vmd\x64\release\cmdrender.obj
s:\apps\dual_test\vmd\x64\release\cmdtrans.obj
s:\apps\dual_test\vmd\x64\release\cmd_animate.obj
s:\apps\dual_test\vmd\x64\release\cmd_collab.obj
s:\apps\dual_test\vmd\x64\release\cmd_color.obj
s:\apps\dual_test\vmd\x64\release\cmd_display.obj
s:\apps\dual_test\vmd\x64\release\cmd_imd.obj
s:\apps\dual_test\vmd\x64\release\cmd_label.obj
s:\apps\dual_test\vmd\x64\release\cmd_material.obj
s:\apps\dual_test\vmd\x64\release\cmd_menu.obj
s:\apps\dual_test\vmd\x64\release\cmd_mobile.obj
s:\apps\dual_test\vmd\x64\release\cmd_mol.obj
s:\apps\dual_test\vmd\x64\release\cmd_mouse.obj
s:\apps\dual_test\vmd\x64\release\cmd_parallel.obj
s:\apps\dual_test\vmd\x64\release\cmd_plugin.obj
s:\apps\dual_test\vmd\x64\release\cmd_render.obj
s:\apps\dual_test\vmd\x64\release\cmd_spaceball.obj
s:\apps\dual_test\vmd\x64\release\cmd_trans.obj
s:\apps\dual_test\vmd\x64\release\cmd_user.obj
s:\apps\dual_test\vmd\x64\release\cmd_util.obj
s:\apps\dual_test\vmd\x64\release\cmd_vmdbench.obj
s:\apps\dual_test\vmd\x64\release\colorfltkmenu.obj
s:\apps\dual_test\vmd\x64\release\colorinfo.obj
s:\apps\dual_test\vmd\x64\release\commandqueue.obj
s:\apps\dual_test\vmd\x64\release\coorplugindata.obj
s:\apps\dual_test\vmd\x64\release\cudaaccel.obj
s:\apps\dual_test\vmd\x64\release\dispcmds.obj
s:\apps\dual_test\vmd\x64\release\displayable.obj
s:\apps\dual_test\vmd\x64\release\displaydevice.obj
s:\apps\dual_test\vmd\x64\release\displayfltkmenu.obj
s:\apps\dual_test\vmd\x64\release\displayrocker.obj
s:\apps\dual_test\vmd\x64\release\drawforce.obj
s:\apps\dual_test\vmd\x64\release\drawmolecule.obj
s:\apps\dual_test\vmd\x64\release\drawmolitem.obj
s:\apps\dual_test\vmd\x64\release\drawmolitem2.obj
s:\apps\dual_test\vmd\x64\release\drawmolitemmsms.obj
s:\apps\dual_test\vmd\x64\release\drawmolitemquicksurf.obj
s:\apps\dual_test\vmd\x64\release\drawmolitemribbons.obj
s:\apps\dual_test\vmd\x64\release\drawmolitemrings.obj
s:\apps\dual_test\vmd\x64\release\drawmolitemsurface.obj
s:\apps\dual_test\vmd\x64\release\drawmolitemvolume.obj
s:\apps\dual_test\vmd\x64\release\drawringsutils.obj
s:\apps\dual_test\vmd\x64\release\filechooserfltkmenu.obj
s:\apps\dual_test\vmd\x64\release\filerenderer.obj
s:\apps\dual_test\vmd\x64\release\filerenderlist.obj
s:\apps\dual_test\vmd\x64\release\fitrms.obj
s:\apps\dual_test\vmd\x64\release\fltkopengldisplaydevice.obj
s:\apps\dual_test\vmd\x64\release\fps.obj
s:\apps\dual_test\vmd\x64\release\frame_selector.obj
s:\apps\dual_test\vmd\x64\release\gelatodisplaydevice.obj
s:\apps\dual_test\vmd\x64\release\geometryangle.obj
s:\apps\dual_test\vmd\x64\release\geometryatom.obj
s:\apps\dual_test\vmd\x64\release\geometrybond.obj
s:\apps\dual_test\vmd\x64\release\geometrydihedral.obj
s:\apps\dual_test\vmd\x64\release\geometryfltkmenu.obj
s:\apps\dual_test\vmd\x64\release\geometrymol.obj
s:\apps\dual_test\vmd\x64\release\geometryspring.obj
s:\apps\dual_test\vmd\x64\release\graphicsfltkmenu.obj
s:\apps\dual_test\vmd\x64\release\hash.obj
s:\apps\dual_test\vmd\x64\release\hershey.obj
s:\apps\dual_test\vmd\x64\release\imageio.obj
s:\apps\dual_test\vmd\x64\release\imd.obj
s:\apps\dual_test\vmd\x64\release\imdmgr.obj
s:\apps\dual_test\vmd\x64\release\imdsim.obj
s:\apps\dual_test\vmd\x64\release\imdsimblocking.obj
s:\apps\dual_test\vmd\x64\release\imdsimthread.obj
s:\apps\dual_test\vmd\x64\release\inform.obj
s:\apps\dual_test\vmd\x64\release\inthash.obj
s:\apps\dual_test\vmd\x64\release\intstack.obj
s:\apps\dual_test\vmd\x64\release\isocontour.obj
s:\apps\dual_test\vmd\x64\release\isosurface.obj
s:\apps\dual_test\vmd\x64\release\jregex.obj
s:\apps\dual_test\vmd\x64\release\jstring.obj
s:\apps\dual_test\vmd\x64\release\mainfltkmenu.obj
s:\apps\dual_test\vmd\x64\release\materiallist.obj
s:\apps\dual_test\vmd\x64\release\matrix4.obj
s:\apps\dual_test\vmd\x64\release\mayadisplaydevice.obj
s:\apps\dual_test\vmd\x64\release\mdff.obj
s:\apps\dual_test\vmd\x64\release\measure.obj
s:\apps\dual_test\vmd\x64\release\measurecluster.obj
s:\apps\dual_test\vmd\x64\release\measurepbc.obj
s:\apps\dual_test\vmd\x64\release\measuresurface.obj
s:\apps\dual_test\vmd\x64\release\measuresymmetry.obj
s:\apps\dual_test\vmd\x64\release\mobilebuttons.obj
s:\apps\dual_test\vmd\x64\release\mobileinterface.obj
s:\apps\dual_test\vmd\x64\release\mobiletracker.obj
s:\apps\dual_test\vmd\x64\release\molbrowser.obj
s:\apps\dual_test\vmd\x64\release\molecule.obj
s:\apps\dual_test\vmd\x64\release\moleculegraphics.obj
s:\apps\dual_test\vmd\x64\release\moleculelist.obj
s:\apps\dual_test\vmd\x64\release\molfileplugin.obj
s:\apps\dual_test\vmd\sdk\bin64\fionavmd.pdb
s:\apps\dual_test\vmd\x64\release\cudabench.cu.cache
s:\apps\dual_test\vmd\x64\release\cudacleardevice.cu.cache
s:\apps\dual_test\vmd\x64\release\cudadispcmds.cu.cache
s:\apps\dual_test\vmd\x64\release\cudamarchingcubes.cu.cache
s:\apps\dual_test\vmd\x64\release\cudamdff.cu.cache
s:\apps\dual_test\vmd\x64\release\cudameasure.cu.cache
s:\apps\dual_test\vmd\x64\release\cudameasurerdf.cu.cache
s:\apps\dual_test\vmd\x64\release\cudaorbital.cu.cache
s:\apps\dual_test\vmd\x64\release\cudaquicksurf.cu.cache
s:\apps\dual_test\vmd\x64\release\cudaspatialsearch.cu.cache
s:\apps\dual_test\vmd\x64\release\cudautil.cu.cache
s:\apps\dual_test\vmd\x64\release\cudavolcpotential.cu.cache
s:\apps\dual_test\vmd\x64\release\cudavolmapcreateils.cu.cache
s:\apps\dual_test\vmd\x64\release\cmdmaterial.obj
s:\apps\dual_test\vmd\x64\release\cmd_tool.obj
s:\apps\dual_test\vmd\x64\release\cudabench.cu.obj
s:\apps\dual_test\vmd\x64\release\cudacleardevice.cu.obj
s:\apps\dual_test\vmd\x64\release\cudadispcmds.cu.obj
s:\apps\dual_test\vmd\x64\release\cudamarchingcubes.cu.obj
s:\apps\dual_test\vmd\x64\release\cudamdff.cu.obj
s:\apps\dual_test\vmd\x64\release\cudameasure.cu.obj
s:\apps\dual_test\vmd\x64\release\cudameasurerdf.cu.obj
s:\apps\dual_test\vmd\x64\release\cudaorbital.cu.obj
s:\apps\dual_test\vmd\x64\release\cudaquicksurf.cu.obj
s:\apps\dual_test\vmd\x64\release\cudaspatialsearch.cu.obj
s:\apps\dual_test\vmd\x64\release\cudautil.cu.obj
s:\apps\dual_test\vmd\x64\release\cudavolcpotential.cu.obj
s:\apps\dual_test\vmd\x64\release\cudavolmapcreateils.cu.obj
s:\apps\dual_test\vmd\x64\release\drawmolitemorbital.obj
s:\apps\dual_test\vmd\x64\release\fionavmd.obj
s:\apps\dual_test\vmd\x64\release\fionavmdtracker.obj
s:\apps\dual_test\vmd\x64\release\geometrylist.obj
s:\apps\dual_test\vmd\x64\release\materialfltkmenu.obj
s:\apps\dual_test\vmd\x64\release\measureqcp.obj
s:\apps\dual_test\vmd\x64\release\measurerdf.obj
s:\apps\dual_test\vmd\x64\release\util_simd.obj
s:\apps\dual_test\vmd\sdk\bin64\fionavmd.exe
s:\apps\dual_test\vmd\x64\release\fionavmd.tlog\cl.command.1.tlog
s:\apps\dual_test\vmd\x64\release\fionavmd.tlog\cl.read.1.tlog
s:\apps\dual_test\vmd\x64\release\fionavmd.tlog\cl.write.1.tlog
s:\apps\dual_test\vmd\x64\release\fionavmd.tlog\link.command.1.tlog
s:\apps\dual_test\vmd\x64\release\fionavmd.tlog\link.read.1.tlog
s:\apps\dual_test\vmd\x64\release\fionavmd.tlog\link.write.1.tlog
s:\apps\dual_test\vmd\x64\release\fionavmd.tlog\rc.command.1.tlog
s:\apps\dual_test\vmd\x64\release\fionavmd.tlog\rc.read.1.tlog
s:\apps\dual_test\vmd\x64\release\fionavmd.tlog\rc.write.1.tlog
