Build started 6/12/2019 1:40:34 PM.
     1>Project "S:\apps\dual_test\VMD\FionaVMD.vcxproj" on node 2 (Build target(s)).
     1>Link:
         C:\Program Files (x86)\Microsoft Visual Studio 12.0\VC\bin\link.exe /ERRORREPORT:PROMPT /OUT:".\SDK\bin\FionaVMD.exe" /INCREMENTAL:NO /NOLOGO /LIBPATH:.\SDK\lib /LIBPATH:..\FionaLib\lib xinput.lib FionaLib.lib Leap.lib cudart.lib fltk.lib fltkgl.lib opencl.lib tcl85.lib glew32s.lib glut32.lib opengl32.lib vrpn.lib kernel32.lib user32.lib gdi32.lib winspool.lib comdlg32.lib advapi32.lib shell32.lib ole32.lib oleaut32.lib uuid.lib odbc32.lib odbccp32.lib kernel32.lib user32.lib gdi32.lib winspool.lib comdlg32.lib advapi32.lib shell32.lib ole32.lib oleaut32.lib uuid.lib odbc32.lib odbccp32.lib /MANIFEST /MANIFESTUAC:"level='asInvoker' uiAccess='false'" /manifest:embed /DEBUG /PDB:"SDK\bin\FionaVMD.pdb" /SUBSYSTEM:CONSOLE /OPT:REF /OPT:ICF /LTCG /TLBID:1 /DYNAMICBASE /NXCOMPAT /IMPLIB:"SDK\bin\FionaVMD.lib" /MACHINE:X86 /SAFESEH Release\CUDABench.cu.obj
         Release\CUDAClearDevice.cu.obj
         Release\CUDADispCmds.cu.obj
         Release\CUDAMarchingCubes.cu.obj
         Release\CUDAMeasureRDF.cu.obj
         Release\CUDAOrbital.cu.obj
         Release\CUDAQuickSurf.cu.obj
         Release\CUDAUtil.cu.obj
         Release\CUDAVolCPotential.cu.obj
         Release\CUDAVolMapCreateILS.cu.obj
         Release\FionaVMD.obj
         Release\FionaVMDDisplayDevice.obj
         Release\FionaVMDTracker.obj
         Release\main.obj
         Release\Animation.obj
         Release\AtomColor.obj
         Release\AtomLexer.obj
         Release\AtomParser.obj
         Release\AtomRep.obj
         Release\AtomSel.obj
         Release\Axes.obj
         Release\BaseMolecule.obj
         Release\Benchmark.obj
         Release\BondSearch.obj
         Release\CmdAnimate.obj
         Release\CmdColor.obj
         Release\CmdDisplay.obj
         Release\CmdIMD.obj
         Release\CmdLabel.obj
         Release\CmdMaterial.obj
         Release\CmdMenu.obj
         Release\CmdMol.obj
         Release\CmdRender.obj
         Release\CmdTrans.obj
         Release\cmd_animate.obj
         Release\cmd_collab.obj
         Release\cmd_color.obj
         Release\cmd_display.obj
         Release\cmd_imd.obj
         Release\cmd_label.obj
         Release\cmd_material.obj
         Release\cmd_menu.obj
         Release\cmd_mobile.obj
         Release\cmd_mol.obj
         Release\cmd_mouse.obj
         Release\cmd_parallel.obj
         Release\cmd_plugin.obj
         Release\cmd_render.obj
         Release\cmd_spaceball.obj
         Release\cmd_tool.obj
         Release\cmd_trans.obj
         Release\cmd_user.obj
         Release\cmd_util.obj
         Release\cmd_vmdbench.obj
         Release\ColorFltkMenu.obj
         Release\ColorInfo.obj
         Release\CommandQueue.obj
         Release\CoorPluginData.obj
         Release\CUDAAccel.obj
         Release\DispCmds.obj
         Release\Displayable.obj
         Release\DisplayDevice.obj
         Release\DisplayFltkMenu.obj
         Release\DisplayRocker.obj
         Release\DrawForce.obj
         Release\DrawMolecule.obj
         Release\DrawMolItem.obj
         Release\DrawMolItem2.obj
         Release\DrawMolItemMSMS.obj
         Release\DrawMolItemOrbital.obj
         Release\DrawMolItemQuickSurf.obj
         Release\DrawMolItemRibbons.obj
         Release\DrawMolItemRings.obj
         Release\DrawMolItemSurface.obj
         Release\DrawMolItemVolume.obj
         Release\DrawRingsUtils.obj
         Release\FileChooserFltkMenu.obj
         Release\FileRenderer.obj
         Release\FileRenderList.obj
         Release\fitrms.obj
         Release\FltkOpenGLDisplayDevice.obj
         Release\FPS.obj
         Release\frame_selector.obj
         Release\GeometryAngle.obj
         Release\GeometryAtom.obj
         Release\GeometryBond.obj
         Release\GeometryDihedral.obj
         Release\GeometryFltkMenu.obj
         Release\GeometryList.obj
         Release\GeometryMol.obj
         Release\GeometrySpring.obj
         Release\GraphicsFltkMenu.obj
         Release\hash.obj
         Release\Hershey.obj
         Release\ImageIO.obj
         Release\imd.obj
         Release\IMDMgr.obj
         Release\IMDSim.obj
         Release\IMDSimBlocking.obj
         Release\IMDSimThread.obj
         Release\Inform.obj
         Release\inthash.obj
         Release\intstack.obj
         Release\Isocontour.obj
         Release\Isosurface.obj
         Release\JRegex.obj
         Release\JString.obj
         Release\MainFltkMenu.obj
         Release\MaterialFltkMenu.obj
         Release\MaterialList.obj
         Release\Matrix4.obj
         Release\Measure.obj
         Release\MeasureCluster.obj
         Release\MeasurePBC.obj
         Release\MeasureRDF.obj
         Release\MeasureSurface.obj
         Release\MeasureSymmetry.obj
         Release\MobileButtons.obj
         Release\MobileInterface.obj
         Release\MobileTracker.obj
         Release\MolBrowser.obj
         Release\Molecule.obj
         Release\MoleculeGraphics.obj
         Release\MoleculeList.obj
         Release\MolFilePlugin.obj
         Release\Mouse.obj
         Release\msmpot.obj
         Release\msmpot_compute.obj
         Release\msmpot_cubic.obj
         Release\msmpot_setup.obj
         Release\MSMSInterface.obj
         Release\OpenCLOrbital.obj
         Release\OpenCLUtils.obj
         Release\OpenCLVolCPotential.obj
         Release\OpenGLCache.obj
         Release\OpenGLExtensions.obj
         Release\OpenGLRenderer.obj
         Release\OpenGLShader.obj
         Release\Orbital.obj
         Release\OrbitalJIT.obj
         Release\ParseTree.obj
         Release\pcre.obj
         Release\PeriodicTable.obj
         Release\PhoneButtons.obj
         Release\PhoneTracker.obj
         Release\PickList.obj
         Release\PickModeAddBond.obj
         Release\PickModeCenter.obj
         Release\PickModeForce.obj
         Release\PickModeList.obj
         Release\PickModeMolLabel.obj
         Release\PickModeMove.obj
         Release\PickModeUser.obj
         Release\PlainTextInterp.obj
         Release\PluginMgr.obj
         Release\project.obj
         Release\PythonTextInterp.obj
         Release\py_animate.obj
         Release\py_atomsel.obj
         Release\py_atomselection.obj
         Release\py_axes.obj
         Release\py_color.obj
         Release\py_commands.obj
         Release\py_display.obj
         Release\py_graphics.obj
         Release\py_imd.obj
         Release\py_label.obj
         Release\py_material.obj
         Release\py_menu.obj
         Release\py_molecule.obj
         Release\py_molrep.obj
         Release\py_mouse.obj
         Release\py_numeric.obj
         Release\py_render.obj
         Release\py_trans.obj
         Release\py_vmd.obj
         Release\P_Buttons.obj
         Release\P_CmdTool.obj
         Release\P_GrabTool.obj
         Release\P_JoystickButtons.obj
         Release\P_JoystickTool.obj
         Release\P_PinchTool.obj
         Release\P_PrintTool.obj
         Release\P_RotateTool.obj
         Release\P_SensorConfig.obj
         Release\P_Tool.obj
         Release\P_Tracker.obj
         Release\P_TugTool.obj
         Release\P_UIVR.obj
         Release\P_VRPNButtons.obj
         Release\P_VRPNFeedback.obj
         Release\P_VRPNTracker.obj
         Release\QMData.obj
         Release\QMTimestep.obj
         Release\quad.obj
         Release\QuickSurf.obj
         Release\RenderFltkMenu.obj
         Release\SaveTrajectoryFltkMenu.obj
         Release\Scene.obj
         Release\SelectionBuilder.obj
         Release\Spaceball.obj
         Release\SpaceballButtons.obj
         Release\SpaceballTracker.obj
         Release\SpatialSearch.obj
         Release\SpringTool.obj
         Release\Stage.obj
         Release\Stride.obj
         Release\Surf.obj
         Release\SymbolTable.obj
         Release\TclCommands.obj
         Release\TclGraphics.obj
         Release\TclMeasure.obj
         Release\TclMolInfo.obj
         Release\TclTextInterp.obj
         Release\TclVec.obj
         Release\TclVolMap.obj
         Release\tcl_commands.obj
         Release\Timestep.obj
         Release\ToolFltkMenu.obj
         Release\UIObject.obj
         Release\UIText.obj
         Release\utilities.obj
         Release\vmd.obj
         Release\VMDApp.obj
         Release\VMDCollab.obj
         Release\vmdconsole.obj
         Release\VMDDir.obj
         Release\VMDDisplayList.obj
         Release\vmddlopen.obj
         Release\VMDFltkMenu.obj
         Release\VMDMenu.obj
         Release\VMDMPI.obj
         Release\VMDQuat.obj
         Release\vmdsock.obj
         Release\VMDThreads.obj
         Release\VMDTitle.obj
         Release\VMDTkinterMenu.obj
         Release\VMDTkMenu.obj
         Release\VolCPotential.obj
         Release\VolMapCreate.obj
         Release\VolMapCreateILS.obj
         Release\VolumeTexture.obj
         Release\VolumetricData.obj
         Release\Win32Joystick.obj
         Release\win32vmdstart.obj
         Release\WKFThreads.obj
         Release\WKFUtils.obj
            Creating library SDK\bin\FionaVMD.lib and object SDK\bin\FionaVMD.exp
     1>LINK : warning LNK4098: defaultlib 'LIBCMT' conflicts with use of other libs; use /NODEFAULTLIB:library
         Generating code
         Finished generating code
     1>main.obj : warning LNK4049: locally defined symbol ___glewAttachShader imported
     1>main.obj : warning LNK4049: locally defined symbol ___glewCreateProgram imported
     1>main.obj : warning LNK4049: locally defined symbol ___glewGetProgramInfoLog imported
     1>main.obj : warning LNK4049: locally defined symbol ___glewGetShaderiv imported
     1>main.obj : warning LNK4049: locally defined symbol ___glewGetProgramiv imported
     1>main.obj : warning LNK4049: locally defined symbol ___glewShaderSource imported
     1>main.obj : warning LNK4049: locally defined symbol ___glewUseProgram imported
     1>main.obj : warning LNK4049: locally defined symbol ___glewCompileShader imported
     1>main.obj : warning LNK4049: locally defined symbol ___glewLinkProgram imported
     1>main.obj : warning LNK4049: locally defined symbol _glewInit@0 imported
     1>main.obj : warning LNK4049: locally defined symbol ___glewGetShaderInfoLog imported
     1>main.obj : warning LNK4049: locally defined symbol ___glewCreateShader imported
     1>glew32s.lib(glew.obj) : warning LNK4099: PDB 'vc120.pdb' was not found with 'glew32s.lib(glew.obj)' or at 'S:\apps\dual_test\VMD\SDK\bin\vc120.pdb'; linking object as if no debug info
         FionaVMD.vcxproj -> S:\apps\dual_test\VMD\SDK\bin\FionaVMD.exe
     1>Done Building Project "S:\apps\dual_test\VMD\FionaVMD.vcxproj" (Build target(s)).

Build succeeded.

Time Elapsed 00:00:17.70
