s:\apps\dual_test\vmd\release\vc120.pdb
s:\apps\dual_test\vmd\release\geometrymol.obj
s:\apps\dual_test\vmd\release\geometrylist.obj
s:\apps\dual_test\vmd\release\geometryfltkmenu.obj
s:\apps\dual_test\vmd\release\geometrydihedral.obj
s:\apps\dual_test\vmd\release\geometrybond.obj
s:\apps\dual_test\vmd\release\geometryatom.obj
s:\apps\dual_test\vmd\release\geometryangle.obj
s:\apps\dual_test\vmd\release\frame_selector.obj
s:\apps\dual_test\vmd\release\fps.obj
s:\apps\dual_test\vmd\release\fltkopengldisplaydevice.obj
s:\apps\dual_test\vmd\release\fitrms.obj
s:\apps\dual_test\vmd\release\filerenderlist.obj
s:\apps\dual_test\vmd\release\filerenderer.obj
s:\apps\dual_test\vmd\release\filechooserfltkmenu.obj
s:\apps\dual_test\vmd\release\drawringsutils.obj
s:\apps\dual_test\vmd\release\drawmolitemvolume.obj
s:\apps\dual_test\vmd\release\drawmolitemsurface.obj
s:\apps\dual_test\vmd\release\drawmolitemrings.obj
s:\apps\dual_test\vmd\release\drawmolitemribbons.obj
s:\apps\dual_test\vmd\release\drawmolitemquicksurf.obj
s:\apps\dual_test\vmd\release\materiallist.obj
s:\apps\dual_test\vmd\release\materialfltkmenu.obj
s:\apps\dual_test\vmd\release\mainfltkmenu.obj
s:\apps\dual_test\vmd\release\jstring.obj
s:\apps\dual_test\vmd\release\jregex.obj
s:\apps\dual_test\vmd\release\isosurface.obj
s:\apps\dual_test\vmd\release\isocontour.obj
s:\apps\dual_test\vmd\release\intstack.obj
s:\apps\dual_test\vmd\release\inthash.obj
s:\apps\dual_test\vmd\release\inform.obj
s:\apps\dual_test\vmd\release\imdsimthread.obj
s:\apps\dual_test\vmd\release\imdsimblocking.obj
s:\apps\dual_test\vmd\release\imdsim.obj
s:\apps\dual_test\vmd\release\imdmgr.obj
s:\apps\dual_test\vmd\release\imd.obj
s:\apps\dual_test\vmd\release\imageio.obj
s:\apps\dual_test\vmd\release\hershey.obj
s:\apps\dual_test\vmd\release\hash.obj
s:\apps\dual_test\vmd\release\graphicsfltkmenu.obj
s:\apps\dual_test\vmd\release\geometryspring.obj
s:\apps\dual_test\vmd\release\msmpot_setup.obj
s:\apps\dual_test\vmd\release\msmpot_cubic.obj
s:\apps\dual_test\vmd\release\msmpot_compute.obj
s:\apps\dual_test\vmd\release\msmpot.obj
s:\apps\dual_test\vmd\release\mouse.obj
s:\apps\dual_test\vmd\release\molfileplugin.obj
s:\apps\dual_test\vmd\release\moleculelist.obj
s:\apps\dual_test\vmd\release\moleculegraphics.obj
s:\apps\dual_test\vmd\release\molecule.obj
s:\apps\dual_test\vmd\release\molbrowser.obj
s:\apps\dual_test\vmd\release\mobiletracker.obj
s:\apps\dual_test\vmd\release\mobileinterface.obj
s:\apps\dual_test\vmd\release\mobilebuttons.obj
s:\apps\dual_test\vmd\release\measuresymmetry.obj
s:\apps\dual_test\vmd\release\measuresurface.obj
s:\apps\dual_test\vmd\release\measurerdf.obj
s:\apps\dual_test\vmd\release\measurepbc.obj
s:\apps\dual_test\vmd\release\measurecluster.obj
s:\apps\dual_test\vmd\release\measure.obj
s:\apps\dual_test\vmd\release\matrix4.obj
s:\apps\dual_test\vmd\release\pickmodelist.obj
s:\apps\dual_test\vmd\release\pickmodeforce.obj
s:\apps\dual_test\vmd\release\pickmodecenter.obj
s:\apps\dual_test\vmd\release\pickmodeaddbond.obj
s:\apps\dual_test\vmd\release\picklist.obj
s:\apps\dual_test\vmd\release\phonetracker.obj
s:\apps\dual_test\vmd\release\phonebuttons.obj
s:\apps\dual_test\vmd\release\periodictable.obj
s:\apps\dual_test\vmd\release\pcre.obj
s:\apps\dual_test\vmd\release\parsetree.obj
s:\apps\dual_test\vmd\release\orbitaljit.obj
s:\apps\dual_test\vmd\release\orbital.obj
s:\apps\dual_test\vmd\release\openglshader.obj
s:\apps\dual_test\vmd\release\openglrenderer.obj
s:\apps\dual_test\vmd\release\openglextensions.obj
s:\apps\dual_test\vmd\release\openglcache.obj
s:\apps\dual_test\vmd\release\openclvolcpotential.obj
s:\apps\dual_test\vmd\release\openclutils.obj
s:\apps\dual_test\vmd\release\openclorbital.obj
s:\apps\dual_test\vmd\release\msmsinterface.obj
s:\apps\dual_test\vmd\release\py_molrep.obj
s:\apps\dual_test\vmd\release\py_molecule.obj
s:\apps\dual_test\vmd\release\py_menu.obj
s:\apps\dual_test\vmd\release\py_material.obj
s:\apps\dual_test\vmd\release\py_label.obj
s:\apps\dual_test\vmd\release\py_imd.obj
s:\apps\dual_test\vmd\release\py_graphics.obj
s:\apps\dual_test\vmd\release\py_display.obj
s:\apps\dual_test\vmd\release\py_commands.obj
s:\apps\dual_test\vmd\release\py_color.obj
s:\apps\dual_test\vmd\release\py_axes.obj
s:\apps\dual_test\vmd\release\py_atomselection.obj
s:\apps\dual_test\vmd\release\py_atomsel.obj
s:\apps\dual_test\vmd\release\py_animate.obj
s:\apps\dual_test\vmd\release\pythontextinterp.obj
s:\apps\dual_test\vmd\release\pluginmgr.obj
s:\apps\dual_test\vmd\release\plaintextinterp.obj
s:\apps\dual_test\vmd\release\pickmodeuser.obj
s:\apps\dual_test\vmd\release\pickmodemove.obj
s:\apps\dual_test\vmd\release\pickmodemollabel.obj
s:\apps\dual_test\vmd\release\p_vrpnfeedback.obj
s:\apps\dual_test\vmd\release\p_vrpnbuttons.obj
s:\apps\dual_test\vmd\release\p_uivr.obj
s:\apps\dual_test\vmd\release\p_tugtool.obj
s:\apps\dual_test\vmd\release\p_tracker.obj
s:\apps\dual_test\vmd\release\p_tool.obj
s:\apps\dual_test\vmd\release\p_sensorconfig.obj
s:\apps\dual_test\vmd\release\p_rotatetool.obj
s:\apps\dual_test\vmd\release\p_printtool.obj
s:\apps\dual_test\vmd\release\p_pinchtool.obj
s:\apps\dual_test\vmd\release\p_joysticktool.obj
s:\apps\dual_test\vmd\release\p_joystickbuttons.obj
s:\apps\dual_test\vmd\release\p_grabtool.obj
s:\apps\dual_test\vmd\release\p_cmdtool.obj
s:\apps\dual_test\vmd\release\p_buttons.obj
s:\apps\dual_test\vmd\release\py_vmd.obj
s:\apps\dual_test\vmd\release\py_trans.obj
s:\apps\dual_test\vmd\release\py_render.obj
s:\apps\dual_test\vmd\release\py_numeric.obj
s:\apps\dual_test\vmd\release\py_mouse.obj
s:\apps\dual_test\vmd\release\tclmeasure.obj
s:\apps\dual_test\vmd\release\tclgraphics.obj
s:\apps\dual_test\vmd\release\tclcommands.obj
s:\apps\dual_test\vmd\release\symboltable.obj
s:\apps\dual_test\vmd\release\surf.obj
s:\apps\dual_test\vmd\release\stride.obj
s:\apps\dual_test\vmd\release\stage.obj
s:\apps\dual_test\vmd\release\springtool.obj
s:\apps\dual_test\vmd\release\spatialsearch.obj
s:\apps\dual_test\vmd\release\spaceballtracker.obj
s:\apps\dual_test\vmd\release\spaceballbuttons.obj
s:\apps\dual_test\vmd\release\spaceball.obj
s:\apps\dual_test\vmd\release\selectionbuilder.obj
s:\apps\dual_test\vmd\release\scene.obj
s:\apps\dual_test\vmd\release\savetrajectoryfltkmenu.obj
s:\apps\dual_test\vmd\release\renderfltkmenu.obj
s:\apps\dual_test\vmd\release\quicksurf.obj
s:\apps\dual_test\vmd\release\qmtimestep.obj
s:\apps\dual_test\vmd\release\qmdata.obj
s:\apps\dual_test\vmd\release\p_vrpntracker.obj
s:\apps\dual_test\vmd\release\vmdmpi.obj
s:\apps\dual_test\vmd\release\vmdmenu.obj
s:\apps\dual_test\vmd\release\vmdfltkmenu.obj
s:\apps\dual_test\vmd\release\vmddlopen.obj
s:\apps\dual_test\vmd\release\vmddisplaylist.obj
s:\apps\dual_test\vmd\release\vmddir.obj
s:\apps\dual_test\vmd\release\vmdconsole.obj
s:\apps\dual_test\vmd\release\vmdcollab.obj
s:\apps\dual_test\vmd\release\vmdapp.obj
s:\apps\dual_test\vmd\release\vmd.obj
s:\apps\dual_test\vmd\release\utilities.obj
s:\apps\dual_test\vmd\release\uitext.obj
s:\apps\dual_test\vmd\release\uiobject.obj
s:\apps\dual_test\vmd\release\toolfltkmenu.obj
s:\apps\dual_test\vmd\release\timestep.obj
s:\apps\dual_test\vmd\release\tcl_commands.obj
s:\apps\dual_test\vmd\release\tclvolmap.obj
s:\apps\dual_test\vmd\release\tclvec.obj
s:\apps\dual_test\vmd\release\tcltextinterp.obj
s:\apps\dual_test\vmd\release\tclmolinfo.obj
s:\apps\dual_test\vmd\release\wkfutils.obj
s:\apps\dual_test\vmd\release\wkfthreads.obj
s:\apps\dual_test\vmd\release\win32vmdstart.obj
s:\apps\dual_test\vmd\release\win32joystick.obj
s:\apps\dual_test\vmd\release\volumetricdata.obj
s:\apps\dual_test\vmd\release\volumetexture.obj
s:\apps\dual_test\vmd\release\volmapcreateils.obj
s:\apps\dual_test\vmd\release\volmapcreate.obj
s:\apps\dual_test\vmd\release\volcpotential.obj
s:\apps\dual_test\vmd\release\vmdtkmenu.obj
s:\apps\dual_test\vmd\release\vmdtkintermenu.obj
s:\apps\dual_test\vmd\release\vmdtitle.obj
s:\apps\dual_test\vmd\release\vmdthreads.obj
s:\apps\dual_test\vmd\release\vmdsock.obj
s:\apps\dual_test\vmd\release\vmdquat.obj
s:\apps\dual_test\vmd\sdk\bin\fionavmd.lib
s:\apps\dual_test\vmd\sdk\bin\fionavmd.exp
s:\apps\dual_test\vmd\sdk\bin\fionavmd.pdb
s:\apps\dual_test\vmd\release\cudabench.cu.cache
s:\apps\dual_test\vmd\release\cudacleardevice.cu.cache
s:\apps\dual_test\vmd\release\cudadispcmds.cu.cache
s:\apps\dual_test\vmd\release\cudamarchingcubes.cu.cache
s:\apps\dual_test\vmd\release\cudameasurerdf.cu.cache
s:\apps\dual_test\vmd\release\cudaorbital.cu.cache
s:\apps\dual_test\vmd\release\cudaquicksurf.cu.cache
s:\apps\dual_test\vmd\release\cudautil.cu.cache
s:\apps\dual_test\vmd\release\cudavolcpotential.cu.cache
s:\apps\dual_test\vmd\release\cudavolmapcreateils.cu.cache
s:\apps\dual_test\vmd\release\animation.obj
s:\apps\dual_test\vmd\release\atomcolor.obj
s:\apps\dual_test\vmd\release\atomlexer.obj
s:\apps\dual_test\vmd\release\atomparser.obj
s:\apps\dual_test\vmd\release\atomrep.obj
s:\apps\dual_test\vmd\release\atomsel.obj
s:\apps\dual_test\vmd\release\axes.obj
s:\apps\dual_test\vmd\release\basemolecule.obj
s:\apps\dual_test\vmd\release\benchmark.obj
s:\apps\dual_test\vmd\release\bondsearch.obj
s:\apps\dual_test\vmd\release\cmdanimate.obj
s:\apps\dual_test\vmd\release\cmdcolor.obj
s:\apps\dual_test\vmd\release\cmddisplay.obj
s:\apps\dual_test\vmd\release\cmdimd.obj
s:\apps\dual_test\vmd\release\cmdlabel.obj
s:\apps\dual_test\vmd\release\cmdmaterial.obj
s:\apps\dual_test\vmd\release\cmdmenu.obj
s:\apps\dual_test\vmd\release\cmdmol.obj
s:\apps\dual_test\vmd\release\cmdrender.obj
s:\apps\dual_test\vmd\release\cmdtrans.obj
s:\apps\dual_test\vmd\release\cmd_animate.obj
s:\apps\dual_test\vmd\release\cmd_collab.obj
s:\apps\dual_test\vmd\release\cmd_color.obj
s:\apps\dual_test\vmd\release\cmd_display.obj
s:\apps\dual_test\vmd\release\cmd_imd.obj
s:\apps\dual_test\vmd\release\cmd_label.obj
s:\apps\dual_test\vmd\release\cmd_material.obj
s:\apps\dual_test\vmd\release\cmd_menu.obj
s:\apps\dual_test\vmd\release\cmd_mobile.obj
s:\apps\dual_test\vmd\release\cmd_mol.obj
s:\apps\dual_test\vmd\release\cmd_mouse.obj
s:\apps\dual_test\vmd\release\cmd_parallel.obj
s:\apps\dual_test\vmd\release\cmd_plugin.obj
s:\apps\dual_test\vmd\release\cmd_render.obj
s:\apps\dual_test\vmd\release\cmd_spaceball.obj
s:\apps\dual_test\vmd\release\cmd_tool.obj
s:\apps\dual_test\vmd\release\cmd_trans.obj
s:\apps\dual_test\vmd\release\cmd_user.obj
s:\apps\dual_test\vmd\release\cmd_util.obj
s:\apps\dual_test\vmd\release\cmd_vmdbench.obj
s:\apps\dual_test\vmd\release\colorfltkmenu.obj
s:\apps\dual_test\vmd\release\colorinfo.obj
s:\apps\dual_test\vmd\release\commandqueue.obj
s:\apps\dual_test\vmd\release\coorplugindata.obj
s:\apps\dual_test\vmd\release\cudaaccel.obj
s:\apps\dual_test\vmd\release\cudabench.cu.obj
s:\apps\dual_test\vmd\release\cudacleardevice.cu.obj
s:\apps\dual_test\vmd\release\cudadispcmds.cu.obj
s:\apps\dual_test\vmd\release\cudamarchingcubes.cu.obj
s:\apps\dual_test\vmd\release\cudameasurerdf.cu.obj
s:\apps\dual_test\vmd\release\cudaorbital.cu.obj
s:\apps\dual_test\vmd\release\cudaquicksurf.cu.obj
s:\apps\dual_test\vmd\release\cudautil.cu.obj
s:\apps\dual_test\vmd\release\cudavolcpotential.cu.obj
s:\apps\dual_test\vmd\release\cudavolmapcreateils.cu.obj
s:\apps\dual_test\vmd\release\dispcmds.obj
s:\apps\dual_test\vmd\release\displayable.obj
s:\apps\dual_test\vmd\release\displaydevice.obj
s:\apps\dual_test\vmd\release\displayfltkmenu.obj
s:\apps\dual_test\vmd\release\displayrocker.obj
s:\apps\dual_test\vmd\release\drawforce.obj
s:\apps\dual_test\vmd\release\drawmolecule.obj
s:\apps\dual_test\vmd\release\drawmolitem.obj
s:\apps\dual_test\vmd\release\drawmolitem2.obj
s:\apps\dual_test\vmd\release\drawmolitemmsms.obj
s:\apps\dual_test\vmd\release\drawmolitemorbital.obj
s:\apps\dual_test\vmd\release\fionavmd.obj
s:\apps\dual_test\vmd\release\fionavmddisplaydevice.obj
s:\apps\dual_test\vmd\release\fionavmdtracker.obj
s:\apps\dual_test\vmd\release\main.obj
s:\apps\dual_test\vmd\release\project.obj
s:\apps\dual_test\vmd\release\quad.obj
s:\apps\dual_test\vmd\release\fionavmd.res
s:\apps\dual_test\vmd\sdk\bin\fionavmd.exe
s:\apps\dual_test\vmd\release\fionavmd.tlog\cl.command.1.tlog
s:\apps\dual_test\vmd\release\fionavmd.tlog\cl.read.1.tlog
s:\apps\dual_test\vmd\release\fionavmd.tlog\cl.write.1.tlog
s:\apps\dual_test\vmd\release\fionavmd.tlog\fionavmd.write.1u.tlog
s:\apps\dual_test\vmd\release\fionavmd.tlog\link.command.1.tlog
s:\apps\dual_test\vmd\release\fionavmd.tlog\link.read.1.tlog
s:\apps\dual_test\vmd\release\fionavmd.tlog\link.write.1.tlog
s:\apps\dual_test\vmd\release\fionavmd.tlog\rc.command.1.tlog
s:\apps\dual_test\vmd\release\fionavmd.tlog\rc.read.1.tlog
s:\apps\dual_test\vmd\release\fionavmd.tlog\rc.write.1.tlog
